25/06/17 12:13:36 INFO SparkEnv: Registering MapOutputTracker
25/06/17 12:13:36 INFO SparkEnv: Registering BlockManagerMaster
25/06/17 12:13:36 INFO SparkEnv: Registering BlockManagerMasterHeartbeat
25/06/17 12:13:36 INFO SparkEnv: Registering OutputCommitCoordinator
25/06/17 12:13:38 INFO DataprocSparkPlugin: Registered 128 driver metrics
25/06/17 12:13:39 INFO DefaultNoHARMFailoverProxyProvider: Connecting to ResourceManager at cluster-bd20-m.europe-west4-b.c.poetic-analog-456207-d7.internal./10.164.0.3:8032
25/06/17 12:13:39 INFO AHSProxy: Connecting to Application History server at cluster-bd20-m.europe-west4-b.c.poetic-analog-456207-d7.internal./10.164.0.3:10200
25/06/17 12:13:40 INFO Configuration: resource-types.xml not found
25/06/17 12:13:40 INFO ResourceUtils: Unable to find 'resource-types.xml'.
25/06/17 12:13:41 INFO YarnClientImpl: Submitted application application_1750097936025_0020
25/06/17 12:13:42 INFO DefaultNoHARMFailoverProxyProvider: Connecting to ResourceManager at cluster-bd20-m.europe-west4-b.c.poetic-analog-456207-d7.internal./10.164.0.3:8030
25/06/17 12:13:44 INFO GoogleCloudStorageImpl: Ignoring exception of type GoogleJsonResponseException; verified object already exists with desired state.
Total reviews (sampled): 1626924
Total unique products: 397173
25/06/17 12:18:39 INFO PathOutputCommitterFactory: No output committer factory defined, defaulting to FileOutputCommitterFactory
25/06/17 12:18:49 INFO GoogleCloudStorageFileSystem: Successfully repaired 'gs://toys555/results/avg_ratings.csv/' directory.
25/06/17 12:18:49 INFO GhfsStorageStatistics: Detected potential high latency for operation op_delete. latencyMs=1414; previousMaxLatencyMs=0; operationCount=1; context=gs://toys555/results/avg_ratings.csv/_temporary
25/06/17 12:18:50 INFO GhfsStorageStatistics: Detected potential high latency for operation op_create. latencyMs=669; previousMaxLatencyMs=138; operationCount=2; context=gs://toys555/results/avg_ratings.csv/_SUCCESS
25/06/17 12:18:51 INFO GhfsStorageStatistics: Detected potential high latency for operation stream_write_close_operations. latencyMs=1302; previousMaxLatencyMs=0; operationCount=1; context=gs://toys555/results/avg_ratings.csv/_SUCCESS
25/06/17 12:18:52 INFO GhfsStorageStatistics: Detected potential high latency for operation op_get_file_status. latencyMs=634; previousMaxLatencyMs=485; operationCount=6; context=gs://toys555/results/title_word_counts.csv
25/06/17 12:20:03 INFO PathOutputCommitterFactory: No output committer factory defined, defaulting to FileOutputCommitterFactory
25/06/17 12:20:03 INFO GhfsStorageStatistics: Detected potential high latency for operation op_mkdirs. latencyMs=779; previousMaxLatencyMs=380; operationCount=3; context=gs://toys555/results/title_word_counts.csv/_temporary/0
25/06/17 12:20:13 INFO GoogleCloudStorageFileSystem: Successfully repaired 'gs://toys555/results/title_word_counts.csv/' directory.
25/06/17 12:20:13 INFO GhfsStorageStatistics: Detected potential high latency for operation op_delete. latencyMs=1418; previousMaxLatencyMs=1414; operationCount=3; context=gs://toys555/results/title_word_counts.csv/_temporary
25/06/17 12:21:35 INFO PathOutputCommitterFactory: No output committer factory defined, defaulting to FileOutputCommitterFactory
25/06/17 12:21:36 INFO GhfsStorageStatistics: Detected potential high latency for operation op_mkdirs. latencyMs=796; previousMaxLatencyMs=779; operationCount=4; context=gs://toys555/results/text_word_counts.csv/_temporary/0
25/06/17 12:21:45 INFO GoogleCloudStorageFileSystem: Successfully repaired 'gs://toys555/results/text_word_counts.csv/' directory.
25/06/17 12:21:47 INFO PathOutputCommitterFactory: No output committer factory defined, defaulting to FileOutputCommitterFactory
25/06/17 12:23:08 INFO GoogleCloudStorageFileSystem: Successfully repaired 'gs://toys555/results/helpful_reviews.csv/' directory.
25/06/17 12:23:46 INFO PathOutputCommitterFactory: No output committer factory defined, defaulting to FileOutputCommitterFactory
25/06/17 12:23:56 INFO GoogleCloudStorageFileSystem: Successfully repaired 'gs://toys555/results/verified_reviews.csv/' directory.
25/06/17 12:23:57 INFO DataprocSparkPlugin: Shutting down driver plugin. metrics=[files_created=6, gcs_api_server_not_implemented_error_count=0, gcs_api_server_timeout_count=0, action_http_post_request_failures=0, op_get_list_status_result_size=2, op_open=0, gcs_api_client_unauthorized_response_count=0, action_http_head_request_failures=0, stream_read_close_operations=0, stream_read_bytes_backwards_on_seek=0, exception_count=108, gcs_api_total_request_count=131, op_create=6, gcs_api_client_bad_request_count=0, op_create_non_recursive=0, gcs_api_client_gone_response_count=0, stream_write_operations=0, stream_read_operations=0, gcs_api_client_request_timeout_count=0, op_rename=0, op_get_file_status=9, stream_read_total_bytes=0, op_glob_status=0, stream_read_exceptions=0, action_http_get_request_failures=0, op_exists=0, stream_write_bytes=2943870, op_xattr_list=0, stream_write_exceptions=0, gcs_api_server_unavailable_count=0, directories_created=0, files_delete_rejected=0, op_xattr_get_named=0, op_hsync=0, stream_read_operations_incomplete=0, op_delete=10, stream_read_bytes=0, gcs_api_client_non_found_response_count=61, gcs_api_client_requested_range_not_statisfiable_count=0, op_hflush=0, op_list_status=2, op_xattr_get_named_map=0, gcs_api_client_side_error_count=160, op_get_file_checksum=0, action_http_delete_request_failures=0, gcs_api_server_internal_error_count=0, stream_read_seek_bytes_skipped=0, stream_write_close_operations=5, op_list_files=0, files_deleted=0, op_mkdirs=6, gcs_api_client_rate_limit_error_count=0, action_http_put_request_failures=0, gcs_api_server_bad_gateway_count=0, stream_read_seek_backward_operations=0, gcs_api_server_side_error_count=0, action_http_patch_request_failures=0, stream_read_seek_operations=0, stream_read_seek_forward_operations=0, gcs_api_client_precondition_failed_response_count=1, directories_deleted=0, op_xattr_get_map=0, delegation_tokens_issued=0, op_create_min=138, op_delete_min=116, op_mkdirs_min=228, op_create_non_recursive_min=0, op_glob_status_min=0, op_hsync_min=0, op_xattr_get_named_min=0, op_list_status_min=122, op_xattr_get_named_map_min=0, stream_read_close_operations_min=0, stream_read_operations_min=0, stream_read_seek_operations_min=0, op_hflush_min=0, op_xattr_get_map_min=0, op_xattr_list_min=0, stream_write_operations_min=0, op_get_file_status_min=138, op_open_min=0, op_rename_min=0, delegation_tokens_issued_min=0, stream_write_close_operations_min=498, stream_read_close_operations_max=0, stream_read_operations_max=0, stream_read_seek_operations_max=0, op_hflush_max=0, op_xattr_list_max=0, op_xattr_get_map_max=0, op_xattr_get_named_max=0, op_create_non_recursive_max=0, op_glob_status_max=0, op_get_file_status_max=634, stream_write_close_operations_max=1302, op_open_max=0, delegation_tokens_issued_max=0, op_mkdirs_max=796, op_rename_max=0, op_create_max=669, op_delete_max=1418, op_list_status_max=353, op_xattr_get_named_map_max=0, stream_write_operations_max=0, op_hsync_max=0, op_list_status_mean=237, stream_read_close_operations_mean=0, op_open_mean=0, op_xattr_get_named_map_mean=0, op_xattr_list_mean=0, op_mkdirs_mean=619, stream_write_close_operations_mean=819, op_rename_mean=0, op_hsync_mean=0, delegation_tokens_issued_mean=0, stream_read_operations_mean=0, op_xattr_get_map_mean=0, op_create_mean=575, op_glob_status_mean=0, op_delete_mean=738, stream_read_seek_operations_mean=0, stream_write_operations_mean=0, op_create_non_recursive_mean=0, op_hflush_mean=0, op_xattr_get_named_mean=0, op_get_file_status_mean=365, stream_write_operations_duration=0, stream_read_operations_duration=0]
